
Munah: 38475

Tipeha: 36877

Merkha: 32426

Zaqef Qatan: 24130

Etnahta: 21371

Pashta: 16699

Mahapakh: 11975

Revia: 11021

Tevir: 7795

Qadma: 6848

Geresh: 4016

Shene Pashtim: 3772

Darga: 3196

Dehi: 2589

Telisha Qetana: 1838

Gershayim: 1716

Geresh Muqdam, Revia: 1695

Zaqef Gadol: 1647

Legarmeh: 1338

Geresh Muqdam: 1251

Zinor: 1227

Telisha Gedola: 1188

Munah, Zaqef Qatan: 1180

Yetiv: 1174

Segol: 949

Pazer: 934

Mahapakh Legarmeh: 342

Qadma, Paseq: 331

Ole, Merkha: 330

Yerah Ben Yomo: 228

Iluy: 171

Zarqa, Mahapakh: 165

Qadma, Geresh: 122

Qadma, Zaqef Qatan: 118

Merkha, Paseq: 117

Merkha, Tipeha: 81

Munah, Etnahta: 76

Ole: 60

Darga, Paseq: 53

Shalshelet, Paseq: 38
Genesis 19:16, Genesis 24:12, Genesis 39:8, Leviticus 8:23, Isaiah 13:8, Amos 1:2, Psalms 7:6, Psalms 10:2, Psalms 12:8, Psalms 13:2, Psalms 13:3, Psalms 20:8, Psalms 29:11, Psalms 33:12, Psalms 41:8, Psalms 44:9, Psalms 49:14, Psalms 50:6, Psalms 52:5, Psalms 66:7, Psalms 67:5, Psalms 77:4, Psalms 89:2, Psalms 89:3, Psalms 94:17, Psalms 131:1, Psalms 143:6, Psalms 143:11, Psalms 146:3, Job 5:19, Job 15:23, Job 16:9, Job 32:6, Job 37:12, Job 40:23, Proverbs 6:10, Proverbs 24:33, Ezra 5:15

Tipeha, Munah: 31
Exodus 20:9, Deuteronomy 5:13, Deuteronomy 5:14, Deuteronomy 5:18, Deuteronomy 5:19, Isaiah 7:3, Psalms 25:4, Psalms 31:17, Psalms 32:7, Psalms 45:15, Psalms 51:11, Psalms 76:3, Psalms 77:13, Psalms 104:23, Psalms 105:9, Psalms 107:14, Psalms 138:7, Psalms 145:4, Job 7:21, Job 17:11, Job 28:17, Job 29:5, Job 31:12, Job 33:16, Job 37:8, Proverbs 1:31, Proverbs 3:17, Proverbs 8:21, Proverbs 13:10, Proverbs 22:20, Proverbs 30:1

Mahapakh, Pashta: 20
Genesis 14:7, Numbers 34:4, Joshua 11:17, Joshua 12:7, Joshua 12:20, Joshua 15:3, Judges 7:22, 2_Samuel 6:12, 1_Kings 4:12, Ezekiel 47:17, Ezra 2:25, Ezra 4:2, Ezra 5:6, Ezra 6:6, Nehemiah 7:29, Nehemiah 11:25, 1_Chronicles 4:31, 1_Chronicles 15:24, 1_Chronicles 19:6, 2_Chronicles 8:5

Merkha, Tevir: 20
Genesis 23:2, Genesis 41:45, Numbers 32:35, Joshua 13:20, Joshua 15:13, Joshua 15:27, Joshua 15:28, Joshua 15:54, Joshua 19:3, Joshua 19:33, Joshua 20:7, 2_Samuel 6:11, 2_Samuel 6:12, Ezra 2:6, Nehemiah 7:11, Nehemiah 11:27, Nehemiah 11:29, 1_Chronicles 13:14, 1_Chronicles 15:18, 1_Chronicles 16:38

Zarqa: 20
Psalms 2:7, Psalms 5:5, Psalms 9:10, Psalms 18:1, Psalms 18:20, Psalms 20:6, Psalms 22:9, Psalms 31:22, Psalms 49:15, Psalms 62:9, Psalms 66:20, Psalms 68:20, Psalms 95:7, Psalms 140:5, Psalms 147:20, Job 18:19, Job 24:12, Job 32:5, Job 37:21, Proverbs 6:3

Qarney Para: 16
Numbers 35:5, Joshua 19:51, 2_Samuel 4:2, 2_Kings 10:5, Jeremiah 13:13, Jeremiah 38:25, Ezekiel 48:21, Esther 7:9, Ezra 6:9, Nehemiah 1:6, Nehemiah 5:13, Nehemiah 13:5, Nehemiah 13:15, 1_Chronicles 28:1, 2_Chronicles 24:5, 2_Chronicles 35:7

Yerah Ben Yomo, Ole: 15
Psalms 4:7, Psalms 8:3, Psalms 14:4, Psalms 18:44, Psalms 28:3, Psalms 37:7, Psalms 44:4, Psalms 53:6, Psalms 56:9, Psalms 142:7, Job 3:6, Job 32:2, Proverbs 8:34, Proverbs 24:12, Proverbs 30:16

Merkha Kefula: 14
Genesis 27:25, Exodus 5:15, Leviticus 10:1, Numbers 14:3, Numbers 32:42, 1_Kings 10:3, 1_Kings 20:29, Ezekiel 14:4, Habakkuk 1:3, Zechariah 3:2, Ezra 7:25, Nehemiah 3:38, 2_Chronicles 9:2, 2_Chronicles 20:30

Tipeha, Etnahta: 13
Genesis 16:14, Genesis 24:62, Numbers 28:26, Deuteronomy 9:22, Joshua 19:12, Judges 1:36, 2_Samuel 6:2, 2_Samuel 24:6, 2_Kings 3:25, Jeremiah 2:31, Jeremiah 26:20, Jeremiah 48:34, Ezekiel 10:13

Munah, Revia: 13
Genesis 45:5, Exodus 32:31, Numbers 21:11, Deuteronomy 2:14, 1_Samuel 7:1, 2_Samuel 11:8, 2_Kings 4:42, Ezekiel 30:6, Zechariah 7:14, Daniel 1:7, 1_Chronicles 11:13, 1_Chronicles 26:8, 2_Chronicles 25:24

Mahapakh, Merkha: 13
Deuteronomy 5:10, Deuteronomy 5:15, Deuteronomy 5:15, Psalms 13:6, Psalms 27:11, Psalms 50:3, Psalms 55:20, Psalms 67:2, Psalms 68:11, Psalms 68:36, Psalms 79:13, Psalms 83:9, Proverbs 7:22

Merkha, Qadma, Pashta: 13
Joshua 7:2, Joshua 13:6, Judges 1:5, Judges 17:7, Judges 17:8, Judges 17:9, 1_Samuel 17:12, 2_Samuel 2:8, 2_Samuel 2:15, Ezekiel 47:10, Ezra 2:59, Nehemiah 7:61, 1_Chronicles 2:54

Qadma, Merkha: 9
Exodus 20:3, Exodus 20:8, Deuteronomy 5:7, Deuteronomy 8:16, Judges 21:21, Isaiah 30:16, Isaiah 32:15, Psalms 56:10, Nehemiah 12:44

Merkha, Munah: 9
Exodus 20:4, Exodus 20:4, Exodus 20:4, Exodus 20:5, Exodus 20:10, Deuteronomy 5:8, Deuteronomy 5:8, Deuteronomy 5:9, Deuteronomy 5:12

Telisha Qetana, Paseq: 8
Joshua 22:22, 1_Samuel 12:3, 1_Kings 21:2, 2_Kings 18:14, Ezekiel 39:11, Esther 9:27, 1_Chronicles 28:1, 2_Chronicles 35:21

Shalshelet: 8
Psalms 3:3, Psalms 34:8, Psalms 65:2, Psalms 68:15, Psalms 72:3, Psalms 137:9, Proverbs 1:9, Proverbs 6:27

Qadma, Mahapakh: 7
Leviticus 25:46, Deuteronomy 5:15, 2_Kings 16:10, Ezekiel 20:31, Daniel 3:2, Ezra 7:24, 2_Chronicles 35:25

Iluy, Paseq: 7
Psalms 36:1, Psalms 47:1, Psalms 49:1, Psalms 55:24, Psalms 61:1, Psalms 81:1, Psalms 85:1

Qadma, Darga: 7
Job 1:15, Job 1:16, Job 1:17, Job 1:19, Nehemiah 11:7, 1_Chronicles 16:38, 2_Chronicles 17:8

Mahapakh, Munah: 6
Exodus 20:4, Exodus 20:9, Deuteronomy 5:8, Deuteronomy 5:13, Psalms 68:20, Psalms 79:11

Zarqa, Merkha, Paseq: 6
Psalms 5:7, Psalms 10:3, Psalms 41:14, Psalms 70:4, Psalms 72:19, Psalms 89:53

Mahapakh, Qadma, Paseq: 6
Psalms 9:17, Psalms 18:16, Psalms 65:6, Psalms 65:9, Proverbs 9:7, Proverbs 24:24

Dehi, Munah: 6
Psalms 109:26, Psalms 135:2, Job 6:18, Job 30:16, Job 32:13, Proverbs 1:14

Munah, Munah: 5
Genesis 36:13, Genesis 36:39, Psalms 18:16, Psalms 71:23, Psalms 104:7

Tipeha, Munah, Paseq: 5
Exodus 20:4, Exodus 20:10, Deuteronomy 5:8, Deuteronomy 5:12, Deuteronomy 5:14

Zarqa, Merkha: 5
Psalms 65:2, Psalms 72:3, Psalms 118:25, Psalms 118:25, Job 20:27

Tipeha, Pashta: 4
Genesis 35:22, Exodus 20:2, Exodus 20:10, Deuteronomy 5:15

Telisha Qetana, Telisha Qetana: 4
Genesis 48:7, Deuteronomy 21:13, Jeremiah 11:10, Esther 6:13

Zaqef Qatan, Etnahta: 4
Exodus 20:2, Exodus 20:6, Deuteronomy 5:10, Deuteronomy 5:15

Darga, Tevir: 4
Numbers 11:35, Numbers 32:38, Joshua 18:22, 1_Chronicles 5:23

Munah, Telisha Qetana: 4
Joshua 13:27, 2_Kings 25:27, Jeremiah 52:31, Ezekiel 48:1

Munah, Telisha Gedola: 4
2_Kings 20:12, Isaiah 39:1, Jeremiah 39:3, Ezekiel 3:15

Merkha, Revia: 4
Psalms 21:2, Psalms 31:19, Job 12:6, Job 13:21

Iluy, Qadma, Paseq: 4
Psalms 42:6, Psalms 42:12, Psalms 43:5, Psalms 45:5

Munah, Pazer: 3
Genesis 50:17, 1_Kings 4:12, 2_Kings 15:29

Tevir, Telisha Qetana: 3
Exodus 20:3, Exodus 20:8, Deuteronomy 5:7

Merkha, Telisha Qetana: 3
Exodus 20:4, Deuteronomy 5:8, Deuteronomy 5:12

Qadma, Tipeha: 3
Exodus 20:4, Deuteronomy 5:8, Deuteronomy 5:12

Munah, Tipeha: 3
Exodus 20:14, Exodus 20:15, Proverbs 10:10

Qadma, Munah, Pashta, Paseq: 3
Deuteronomy 5:8, Deuteronomy 5:8, Deuteronomy 5:15

Mahapakh, Qadma, Pashta: 3
Deuteronomy 9:23, Jeremiah 39:3, 1_Chronicles 5:26

Yerah Ben Yomo, Paseq: 3
Psalms 85:9, Psalms 141:4, Proverbs 6:3

Dehi, Merkha: 3
Psalms 86:7, Psalms 139:7, Job 8:16

Gershayim, Telisha Gedola: 2
Genesis 5:29, Zephaniah 2:15

Munah, Segol: 2
Genesis 41:45, Joshua 19:27

Pashta, Zaqef Qatan: 2
Exodus 14:9, Nehemiah 12:29

Munah, Merkha: 2
Exodus 20:2, Psalms 60:3

Munah, Qadma, Pashta, Paseq: 2
Exodus 20:4, Exodus 20:4

Pazer, Zaqef Qatan: 2
Exodus 20:4, Exodus 20:4

Tipeha, Zinor: 2
Exodus 20:5, Deuteronomy 5:9

Etnahta, Segol: 2
Exodus 20:5, Deuteronomy 5:9

Geresh, Tipeha: 2
Exodus 20:8, Deuteronomy 5:7

Munah, Pashta: 2
Exodus 20:9, Deuteronomy 5:13

Zaqef Qatan, Zinor: 2
Exodus 20:9, Deuteronomy 5:13

Revia, Etnahta: 2
Exodus 20:10, Deuteronomy 5:14

Zaqef Qatan, Revia: 2
Exodus 20:10, Deuteronomy 5:15

Zaqef Qatan, Pazer: 2
Deuteronomy 5:8, Deuteronomy 5:8

Geresh, Etnahta: 2
Deuteronomy 5:8, Deuteronomy 5:12

Zarqa, Zinor: 2
2_Samuel 3:8, 2_Chronicles 19:2

Munah, Zinor: 2
2_Kings 15:29, Psalms 60:2

Merkha, Tipeha, Merkha: 2
Isaiah 8:1, Isaiah 8:3

Etnahta, Pashta: 2
Jeremiah 15:18, Jeremiah 27:13

Merkha, Etnahta: 2
Jeremiah 46:4, Job 32:11

Dehi, Revia: 2
Psalms 7:10, Job 11:13

Yerah Ben Yomo, Pazer: 2
Psalms 32:5, Psalms 65:10

Merkha, Merkha: 2
Proverbs 26:27, Ruth 1:21

Zaqef Gadol, Pashta: 1
Genesis 35:22

Etnahta, Zaqef Qatan: 1
Genesis 35:22

Tipeha, Geresh: 1
Exodus 20:3

Etnahta, Geresh: 1
Exodus 20:4

Merkha, Mahapakh: 1
Exodus 20:6

Tipeha, Qadma, Pashta: 1
Exodus 20:6

Zaqef Qatan, Geresh: 1
Exodus 20:10

Qadma, Munah: 1
Exodus 20:10

Pazer, Geresh: 1
Exodus 20:10

Mahapakh, Qadma: 1
Exodus 20:10

Geresh, Pashta: 1
Exodus 20:10

Telisha Gedola, Gershayim: 1
Leviticus 10:4

Qadma, Merkha, Paseq: 1
Leviticus 10:12

Qadma, Tipeha, Pashta: 1
Deuteronomy 5:10

Munah, Tevir: 1
Deuteronomy 5:12

Geresh, Zaqef Qatan: 1
Deuteronomy 5:14

Gershayim, Revia: 1
Deuteronomy 5:15

Qadma, Geresh, Telisha Qetana: 1
Deuteronomy 5:15

Qadma, Mahapakh, Pashta: 1
Deuteronomy 5:15

Zaqef Qatan, Pashta: 1
Deuteronomy 5:15

Tipeha, Merkha: 1
Joshua 13:17

Mahapakh, Paseq, Pashta: 1
Joshua 15:25

Yetiv, Zaqef Qatan: 1
Joshua 15:61

Telisha Qetana, Qadma: 1
Joshua 21:11

Merkha, Pashta: 1
Joshua 21:32

Darga, Telisha Qetana: 1
Judges 19:17

Telisha Gedola, Mahapakh: 1
2_Kings 16:7

Geresh Muqdam, Telisha Qetana: 1
2_Kings 17:13

Merkha, Zinor: 1
Isaiah 50:2

Qadma, Qadma: 1
Jeremiah 48:30

Merkha, Qadma, Paseq: 1
Psalms 2:2

Yerah Ben Yomo, Ole, Merkha: 1
Psalms 5:11

Mahapakh, Revia: 1
Psalms 20:6

Mahapakh, Ole: 1
Psalms 53:5

Pazer, Paseq: 1
Psalms 92:10

Zarqa, Mahapakh, Revia: 1
Job 6:10

Darga, Munah: 1
Ruth 1:1

Tipeha, Munah, Etnahta: 1
1_Chronicles 2:54

Zaqef Qatan, Merkha: 1
1_Chronicles 4:32
